<?xml version="1.0" encoding="UTF-8"?>
<!-- Generated by org.testng.reporters.JUnitReportReporter -->
<testsuite hostname="BLRKEC334320L" failures="0" tests="2" name="Projects.tests.testClass" time="0.479" errors="0" timestamp="2022-12-20T15:44:25 IST" skipped="0">
  <testcase classname="Projects.tests.testClass" name="getPageTitle" time="0.038"/>
  <system-out/>
  <testcase classname="Projects.tests.testClass" name="getPageLinks" time="0.441"/>
  <system-out/>
</testsuite> <!-- Projects.tests.testClass -->
