<?xml version="1.0" encoding="UTF-8"?>
<!-- Generated by org.testng.reporters.JUnitReportReporter -->
<testsuite hostname="BLRKEC334320L" failures="0" tests="1" name="Projects.tests.errorValidationTest" time="6.450" errors="0" timestamp="2022-12-19T14:10:21 IST" skipped="0">
  <testcase classname="Projects.tests.errorValidationTest" name="newtest" time="6.450"/>
  <system-out/>
</testsuite> <!-- Projects.tests.errorValidationTest -->
